Info: Generated by version: 18.1 build 222
Info: Starting: Create block symbol file (.bsf)
Info: qsys-generate F:\Projects\C75\FPGA_board\Rev_PR1\FPGA_Project_c10gxllrf3p0_ethernet_sfp\fpga_tsd_int.ip --block-symbol-file --output-directory=F:\Projects\C75\FPGA_board\Rev_PR1\FPGA_Project_c10gxllrf3p0_ethernet_sfp\fpga_tsd_int --family="Cyclone 10 GX" --part=10CX105YF672E5G
Info: qsys-generate succeeded.
Info: Finished: Create block symbol file (.bsf)
Info: 
Info: Starting: Create HDL design files for synthesis
Info: qsys-generate F:\Projects\C75\FPGA_board\Rev_PR1\FPGA_Project_c10gxllrf3p0_ethernet_sfp\fpga_tsd_int.ip --synthesis=VHDL --output-directory=F:\Projects\C75\FPGA_board\Rev_PR1\FPGA_Project_c10gxllrf3p0_ethernet_sfp\fpga_tsd_int --family="Cyclone 10 GX" --part=10CX105YF672E5G
Info: fpga_tsd_int: "Transforming system: fpga_tsd_int"
Info: fpga_tsd_int: "Naming system components in system: fpga_tsd_int"
Info: fpga_tsd_int: "Processing generation queue"
Info: fpga_tsd_int: "Generating: fpga_tsd_int"
Info: fpga_tsd_int: "Generating: altera_temp_sense"
Info: temp_sense_0: Generating top-level entity altera_temp_sense.
Info: fpga_tsd_int: Done "fpga_tsd_int" with 2 modules, 3 files
Info: qsys-generate succeeded.
Info: Finished: Create HDL design files for synthesis
Info: Starting: Generate IP Core Documentation
Info: No documentation filesets were found for components in fpga_tsd_int. No files generated.
Info: Finished: Generate IP Core Documentation
